<?xml version="1.0" encoding="UTF-8"?>
<!-- Generated by org.testng.reporters.JUnitReportReporter -->
<testsuite hostname="DESKTOP-PLIMPO2" failures="0" tests="2" name="Project_TestNG.TestNG.project_NG" time="37.314" errors="0" timestamp="11 Mar 2022 08:54:19 GMT" skipped="0">
  <testcase classname="Project_TestNG.TestNG.project_NG" name="newmain" time="20.432"/>
  <testcase classname="Project_TestNG.TestNG.project_NG" name="main" time="16.882"/>
</testsuite> <!-- Project_TestNG.TestNG.project_NG -->
